<?xml version="1.0" encoding="UTF-8"?>
<!-- Generated by org.testng.reporters.JUnitReportReporter -->
<testsuite hostname="LAPTOP-5T4OB60L" failures="0" tests="2" name="Test01_Get" time="6.711" errors="0" timestamp="2022-05-29T16:07:20 NZST" skipped="0">
  <testcase classname="Test01_Get" name="test2" time="2.551"/>
  <system-out/>
  <testcase classname="Test01_Get" name="test01" time="4.160"/>
  <system-out/>
</testsuite> <!-- Test01_Get -->
